<component name="libraryTable">
  <library name="junit4">
    <CLASSES>
      <root url="jar://$APPLICATION_HOME_DIR$/lib/junit4.jar!/" />
      <root url="jar://$APPLICATION_HOME_DIR$/lib/hamcrest-core-1.3.jar!/" />
    </CLASSES>
    <JAVADOC />
    <SOURCES />
  </library>
</component>